<?xml version="1.0" encoding="utf-8"?><testsuites name="pytest tests"><testsuite name="pytest" errors="0" failures="0" skipped="0" tests="23" time="3.008" timestamp="2026-08-20T07:15:17.529740+00:00" hostname="agent-env-2091300c-ef37-4490-8f34-fb999f6b998e"><testcase classname="tests.test_munesh_api.TestAuth" name="test_login_success" time="0.493" /><testcase classname="tests.test_munesh_api.TestPublic" name="test_meta" time="0.213" /><testcase classname="tests.test_munesh_api.TestPublic" name="test_list_properties" time="0.293" /><testcase classname="tests.test_munesh_api.TestAuth" name="test_login_wrong" time="0.279" /><testcase classname="tests.test_munesh_api.TestPublic" name="test_filter_by_type" time="0.266" /><testcase classname="tests.test_munesh_api.TestAuth" name="test_me_requires_token" time="0.053" /><testcase classname="tests.test_munesh_api.TestPublic" name="test_filter_by_location" time="0.064" /><testcase classname="tests.test_munesh_api.TestPublic" name="test_search_q" time="0.268" /><testcase classname="tests.test_munesh_api.TestAuth" name="test_me_with_token" time="0.333" /><testcase classname="tests.test_munesh_api.TestPublic" name="test_get_property_by_id" time="0.164" /><testcase classname="tests.test_munesh_api.TestAdminProperties" name="test_admin_endpoints_require_auth" time="0.055" /><testcase classname="tests.test_munesh_api.TestAdminProperties" name="test_create_property" time="0.199" /><testcase classname="tests.test_munesh_api.TestPublic" name="test_get_property_404" time="0.081" /><testcase classname="tests.test_munesh_api.TestPublic" name="test_contact" time="0.058" /><testcase classname="tests.test_munesh_api.TestPublic" name="test_create_enquiry" time="0.081" /><testcase classname="tests.test_munesh_api.TestAdminProperties" name="test_update_property" time="0.112" /><testcase classname="tests.test_munesh_api.TestAdminContactAndEnquiries" name="test_update_contact_requires_auth" time="0.064" /><testcase classname="tests.test_munesh_api.TestAdminProperties" name="test_delete_property" time="0.318" /><testcase classname="tests.test_munesh_api.TestUpload" name="test_upload_requires_auth" time="0.126" /><testcase classname="tests.test_munesh_api.TestAdminContactAndEnquiries" name="test_update_contact" time="0.587" /><testcase classname="tests.test_munesh_api.TestUpload" name="test_upload_image" time="0.734" /><testcase classname="tests.test_munesh_api.TestAdminContactAndEnquiries" name="test_list_enquiries_requires_auth" time="0.080" /><testcase classname="tests.test_munesh_api.TestAdminContactAndEnquiries" name="test_list_and_delete_enquiries" time="0.175" /></testsuite></testsuites>